<?xml version="1.0" encoding="UTF-8"?>
<!-- Generated by org.testng.reporters.JUnitReportReporter -->
<testsuite hostname="SSD-16-0065" name="EntrustEnergy.editFormNormal" tests="2" failures="0" timestamp="24 Jun 2015 10:44:53 GMT" time="13.662" errors="0">
  <testcase name="openForm" time="10.055" classname="EntrustEnergy.editFormNormal"/>
  <testcase name="logIn" time="3.607" classname="EntrustEnergy.editFormNormal"/>
</testsuite> <!-- EntrustEnergy.editFormNormal -->
