<?xml version="1.0" encoding="UTF-8"?>
<!-- Generated by org.testng.reporters.JUnitReportReporter -->
<testsuite hostname="SSD-16-0065" name="EntrustEnergy.AddNewPartner" tests="2" failures="0" timestamp="29 Jun 2015 12:43:55 GMT" time="5.896" errors="0">
  <testcase name="logIn" time="3.728" classname="EntrustEnergy.AddNewPartner"/>
  <testcase name="newPartner" time="2.168" classname="EntrustEnergy.AddNewPartner"/>
</testsuite> <!-- EntrustEnergy.AddNewPartner -->
