<?xml version="1.0" encoding="UTF-8"?>
<!-- Generated by org.testng.reporters.JUnitReportReporter -->
<testsuite hostname="SSD-16-0065" name="EntrustEnergy.login" tests="1" failures="0" timestamp="6 Jul 2015 07:45:42 GMT" time="8.473" errors="0">
  <testcase name="logIn" time="8.473" classname="EntrustEnergy.login"/>
</testsuite> <!-- EntrustEnergy.login -->
