<?xml version="1.0" encoding="UTF-8"?>
<!-- Generated by org.testng.reporters.JUnitReportReporter -->
<testsuite hostname="SSD-16-0072" name="EntrustEnergy.login" tests="1" failures="0" timestamp="6 Jul 2015 10:16:29 GMT" time="6.195" errors="0">
  <testcase name="logIn" time="6.195" classname="EntrustEnergy.login"/>
</testsuite> <!-- EntrustEnergy.login -->
