<?xml version="1.0" encoding="UTF-8"?>
<!-- Generated by org.testng.reporters.JUnitReportReporter -->
<testsuite hostname="SSD-16-0065" name="EntrustEnergy.Enrollment" tests="6" failures="0" timestamp="29 Jun 2015 12:41:17 GMT" time="75.615" errors="0">
  <testcase name="navigateEnrollment" time="5.819" classname="EntrustEnergy.Enrollment"/>
  <testcase name="editEnrollmentonhold" time="4.958" classname="EntrustEnergy.Enrollment"/>
  <testcase name="logIn" time="3.775" classname="EntrustEnergy.Enrollment"/>
  <testcase name="searchByReference" time="19.885" classname="EntrustEnergy.Enrollment"/>
  <testcase name="viewEnrollment" time="11.105" classname="EntrustEnergy.Enrollment"/>
  <testcase name="editEnrollment" time="30.073" classname="EntrustEnergy.Enrollment"/>
</testsuite> <!-- EntrustEnergy.Enrollment -->
